0 info it worked if it ends with ok
1 verbose cli [ 'C:\\Program Files\\nodejs\\node.exe',
1 verbose cli   'C:\\Program Files\\nodejs\\node_modules\\npm\\bin\\npm-cli.js',
1 verbose cli   'run',
1 verbose cli   'serve',
1 verbose cli   '-p',
1 verbose cli   '8000' ]
2 info using npm@3.9.3
3 info using node@v6.2.1
4 verbose run-script [ 'preserve', 'serve', 'postserve' ]
5 info lifecycle colosseum@0.1.0~preserve: colosseum@0.1.0
6 silly lifecycle colosseum@0.1.0~preserve: no script for preserve, continuing
7 info lifecycle colosseum@0.1.0~serve: colosseum@0.1.0
8 verbose lifecycle colosseum@0.1.0~serve: unsafe-perm in lifecycle true
9 verbose lifecycle colosseum@0.1.0~serve: PATH: C:\Program Files\nodejs\node_modules\npm\bin\node-gyp-bin;C:\Users\Ale\Documents\GitHub\Colosseum\node_modules\.bin;C:\Program Files\nodejs;C:\Program Files\Docker\Docker\Resources\bin;C:\ProgramData\Oracle\Java\javapath;D:\programs\scicoslab-4.4.1\bin;C:\Windows\system32;C:\Windows;C:\Windows\System32\Wbem;C:\Windows\System32\WindowsPowerShell\v1.0\;C:\Program Files (x86)\NVIDIA Corporation\PhysX\Common;C:\Program Files\Microsoft\Web Platform Installer\;C:\Program Files\Microsoft SQL Server\110\Tools\Binn\;C:\Program Files\Intel\WiFi\bin\;C:\Program Files\Common Files\Intel\WirelessCommon\;D:\programs\MatLab\runtime\win64;D:\programs\MatLab\bin;C:\Users\Ale\AppData\Local\.meteor\;C:\Program Files\Java\jdk1.8.0_60\bin;C:\Program Files\R\R-3.2.2\bin\x64;D:\programs\Win10 SDK\Windows Performance Toolkit\;C:\Program Files (x86)\IVI Foundation\VISA\WinNT\Bin;D:\Downloads\nwjs-v0.13.0-alpha5-win-x64\nwjs-v0.13.0-alpha5-win-x64;C:\WINDOWS\system32;C:\WINDOWS;C:\WINDOWS\System32\Wbem;C:\WINDOWS\System32\WindowsPowerShell\v1.0\;C:\Program Files\Git\bin;C:\Program Files\Git\usr\bin;C:\Program Files (x86)\Gow\bin;D:\programs\GnuPG\pub;C:\Program Files\nodejs\;C:\Python27;C:\Python27\Scripts;C:\Ruby21\bin;C:\Ruby23\bin;C:\Ruby22-x64\bin;C:\Users\Ale\AppData\Local\Programs\Python\Python35-32\Scripts\;C:\Users\Ale\AppData\Local\Programs\Python\Python35-32\;C:\Users\Ale\AppData\Local\nylas\bin;C:\Users\Ale\AppData\Roaming\npm
10 verbose lifecycle colosseum@0.1.0~serve: CWD: C:\Users\Ale\Documents\GitHub\Colosseum
11 silly lifecycle colosseum@0.1.0~serve: Args: [ '/d /s /c', 'http-server . "8000"' ]
12 silly lifecycle colosseum@0.1.0~serve: Returned: code: 1  signal: null
13 info lifecycle colosseum@0.1.0~serve: Failed to exec serve script
14 verbose stack Error: colosseum@0.1.0 serve: `http-server . "8000"`
14 verbose stack Exit status 1
14 verbose stack     at EventEmitter.<anonymous> (C:\Program Files\nodejs\node_modules\npm\lib\utils\lifecycle.js:245:16)
14 verbose stack     at emitTwo (events.js:106:13)
14 verbose stack     at EventEmitter.emit (events.js:191:7)
14 verbose stack     at ChildProcess.<anonymous> (C:\Program Files\nodejs\node_modules\npm\lib\utils\spawn.js:24:14)
14 verbose stack     at emitTwo (events.js:106:13)
14 verbose stack     at ChildProcess.emit (events.js:191:7)
14 verbose stack     at maybeClose (internal/child_process.js:852:16)
14 verbose stack     at Process.ChildProcess._handle.onexit (internal/child_process.js:215:5)
15 verbose pkgid colosseum@0.1.0
16 verbose cwd C:\Users\Ale\Documents\GitHub\Colosseum
17 error Windows_NT 10.0.10586
18 error argv "C:\\Program Files\\nodejs\\node.exe" "C:\\Program Files\\nodejs\\node_modules\\npm\\bin\\npm-cli.js" "run" "serve" "-p" "8000"
19 error node v6.2.1
20 error npm  v3.9.3
21 error code ELIFECYCLE
22 error colosseum@0.1.0 serve: `http-server . "8000"`
22 error Exit status 1
23 error Failed at the colosseum@0.1.0 serve script 'http-server . "8000"'.
23 error Make sure you have the latest version of node.js and npm installed.
23 error If you do, this is most likely a problem with the colosseum package,
23 error not with npm itself.
23 error Tell the author that this fails on your system:
23 error     http-server . "8000"
23 error You can get information on how to open an issue for this project with:
23 error     npm bugs colosseum
23 error Or if that isn't available, you can get their info via:
23 error     npm owner ls colosseum
23 error There is likely additional logging output above.
24 verbose exit [ 1, true ]
